ISim log file
Running: E:\Circuit Systems and Design1\MyProcessor\Phase 21 - 1.7.2017\Processor to test\computer_isim_beh.exe -intstyle ise -gui -tclbatch isim.cmd -wdb E:/Circuit Systems and Design1/MyProcessor/Phase 21 - 1.7.2017/Processor to test/computer_isim_beh.wdb 
ISim P.58f (signature 0x7708f090)
This is a Full version of ISim.
Time resolution is 1 ps
# onerror resume
# wave add /
# run 1000 ns
Simulator is doing circuit initialization process.
 Block Memory Generator CORE Generator module loading initial data...
 Block Memory Generator data initialization complete.
Block Memory Generator CORE Generator module computer.RAM.dualPortMemory.inst.\native_mem_module.blk_mem_gen_v7_3_inst  is using a behavioral model for simulation which will not precisely model memory collision behavior.
Finished circuit initialization process.
# isim force add /computer/clk 1 -radix bin -value 0 -radix bin -time 20 ns -repeat 40 ns
# isim force add /computer/UART2RAMCompleted 1 -radix bin
# run 400ns
# run 400ns
# run 400ns
# run 400ns
# run 400ns
# run 400ns
# run 400ns
# run 400ns
# run 400ns
# run 400ns
# run 400ns
# run 400ns
# run 400ns
# run 400ns
# run 400ns
# run 400ns
# run 400ns
# run 400ns
# run 400ns
# run 400ns
# run 400ns
# run 400ns
# run 400ns
# run 400ns
# run 400ns
# run 400ns
# run 400ns
# run 400ns
# run 400ns
# run 400ns
# run 400ns
# run 400ns
# run 400ns
# run 400ns
# run 400ns
# run 400ns
# run 400ns
# run 400ns
# run 400ns
# run 400ns
# run 400ns
# run 400ns
# run 400ns
# run 400ns
# run 400ns
