INFO:sim:172 - Generating IP...
Applying current project options...
Finished applying current project options.
WARNING:sim - A core named 'memory1' already exists in the project. Output
   products for this core may be overwritten.
Resolving generics for 'memory1'...
WARNING:sim - A core named 'memory1' already exists in the project. Output
   products for this core may be overwritten.
Applying external generics to 'memory1'...
Delivering associated files for 'memory1'...
Delivering EJava files for 'memory1'...
Generating implementation netlist for 'memory1'...
INFO:sim - Pre-processing HDL files for 'memory1'...
Running synthesis for 'memory1'
Running ngcbuild...
Writing VEO instantiation template for 'memory1'...
Writing Verilog behavioral simulation model for 'memory1'...
WARNING:sim - Overwriting existing file E:/Circuit Systems and
   Design1/MyProcessor/Phase 21 - 1.7.2017/Processor to
   test/ipcore_dir/tmp/_cg/memory1/doc/blk_mem_gen_v7_3_vinfo.html with file
   from view xilinx_documentation
Delivered 1 file into directory E:/Circuit Systems and Design1/MyProcessor/Phase
21 - 1.7.2017/Processor to test/ipcore_dir/tmp/_cg/memory1
Generating ASY schematic symbol...
INFO:sim:949 - Finished generation of ASY schematic symbol.
Generating SYM schematic symbol for 'memory1'...
Generating metadata file...
Regenerating ISE project file for 'memory1'...
Generating ISE project...
XCO file found: memory1.xco
XMDF file found: memory1_xmdf.tcl
Adding E:/Circuit Systems and Design1/MyProcessor/Phase 21 - 1.7.2017/Processor
to test/ipcore_dir/tmp/_cg/memory1.asy -view all -origin_type imported
Adding E:/Circuit Systems and Design1/MyProcessor/Phase 21 - 1.7.2017/Processor
to test/ipcore_dir/tmp/_cg/memory1.ngc -view all -origin_type created
Checking file "E:/Circuit Systems and Design1/MyProcessor/Phase 21 -
1.7.2017/Processor to test/ipcore_dir/tmp/_cg/memory1.ngc" for project device
match ...
File "E:/Circuit Systems and Design1/MyProcessor/Phase 21 - 1.7.2017/Processor
to test/ipcore_dir/tmp/_cg/memory1.ngc" device information matches project
device.
Adding E:/Circuit Systems and Design1/MyProcessor/Phase 21 - 1.7.2017/Processor
to test/ipcore_dir/tmp/_cg/memory1.sym -view all -origin_type imported
Adding E:/Circuit Systems and Design1/MyProcessor/Phase 21 - 1.7.2017/Processor
to test/ipcore_dir/tmp/_cg/memory1.v -view all -origin_type created
INFO:HDLCompiler:1845 - Analyzing Verilog file "E:/Circuit Systems and
   Design1/MyProcessor/Phase 21 - 1.7.2017/Processor to
   test/ipcore_dir/tmp/_cg/memory1.v" into library work
INFO:ProjectMgmt - Parsing design hierarchy completed successfully.
Adding E:/Circuit Systems and Design1/MyProcessor/Phase 21 - 1.7.2017/Processor
to test/ipcore_dir/tmp/_cg/memory1.veo -view all -origin_type imported
INFO:TclTasksC:2116 - The automatic calculation of top has been turned-off.
   Please set the new top explicitly by running the "project set top" command.
   To re-calculate the new top automatically, set the "Auto Implementation Top"
   property to true.
Top level has been set to "/memory1"
Generating README file...
Generating FLIST file...
INFO:sim:948 - Finished FLIST file generation.
Launching README viewer...
Moving files to output directory...
Finished moving files to output directory
Wrote CGP file for project 'memory1'.
